0 info it worked if it ends with ok
1 verbose cli [ '/usr/local/bin/node', '/usr/local/bin/npm', 'install', 'sha3' ]
2 info using npm@4.1.2
3 info using node@v7.7.3
4 silly loadCurrentTree Starting
5 silly install loadCurrentTree
6 silly install readLocalPackageData
7 silly fetchPackageMetaData sha3
8 silly fetchNamedPackageData sha3
9 silly mapToRegistry name sha3
10 silly mapToRegistry using default registry
11 silly mapToRegistry registry https://registry.npmjs.org/
12 silly mapToRegistry data Result {
12 silly mapToRegistry   raw: 'sha3',
12 silly mapToRegistry   scope: null,
12 silly mapToRegistry   escapedName: 'sha3',
12 silly mapToRegistry   name: 'sha3',
12 silly mapToRegistry   rawSpec: '',
12 silly mapToRegistry   spec: 'latest',
12 silly mapToRegistry   type: 'tag' }
13 silly mapToRegistry uri https://registry.npmjs.org/sha3
14 verbose request uri https://registry.npmjs.org/sha3
15 verbose request no auth needed
16 info attempt registry request try #1 at 4:57:30 PM
17 verbose request id c4c53e32e0ae7d47
18 verbose etag W/"55db8933-18dd"
19 verbose lastModified Mon, 24 Aug 2015 21:14:27 GMT
20 http request GET https://registry.npmjs.org/sha3
21 http 304 https://registry.npmjs.org/sha3
22 verbose headers { date: 'Thu, 16 Mar 2017 08:57:34 GMT',
22 verbose headers   via: '1.1 varnish',
22 verbose headers   'cache-control': 'max-age=300',
22 verbose headers   etag: 'W/"55db8933-18dd"',
22 verbose headers   age: '0',
22 verbose headers   connection: 'keep-alive',
22 verbose headers   'x-served-by': 'cache-hkg6821-HKG',
22 verbose headers   'x-cache': 'HIT',
22 verbose headers   'x-cache-hits': '1',
22 verbose headers   'x-timer': 'S1489654654.765849,VS0,VE657',
22 verbose headers   vary: 'Accept-Encoding' }
23 silly get cb [ 304,
23 silly get   { date: 'Thu, 16 Mar 2017 08:57:34 GMT',
23 silly get     via: '1.1 varnish',
23 silly get     'cache-control': 'max-age=300',
23 silly get     etag: 'W/"55db8933-18dd"',
23 silly get     age: '0',
23 silly get     connection: 'keep-alive',
23 silly get     'x-served-by': 'cache-hkg6821-HKG',
23 silly get     'x-cache': 'HIT',
23 silly get     'x-cache-hits': '1',
23 silly get     'x-timer': 'S1489654654.765849,VS0,VE657',
23 silly get     vary: 'Accept-Encoding' } ]
24 verbose etag https://registry.npmjs.org/sha3 from cache
25 verbose get saving sha3 to /Users/belsy wt yuen/.npm/registry.npmjs.org/sha3/.cache.json
26 verbose correctMkdir /Users/belsy wt yuen/.npm correctMkdir not in flight; initializing
27 silly install normalizeTree
28 silly loadCurrentTree Finishing
29 silly loadIdealTree Starting
30 silly install loadIdealTree
31 silly cloneCurrentTree Starting
32 silly install cloneCurrentTreeToIdealTree
33 silly cloneCurrentTree Finishing
34 silly loadShrinkwrap Starting
35 silly install loadShrinkwrap
36 silly loadShrinkwrap Finishing
37 silly loadAllDepsIntoIdealTree Starting
38 silly install loadAllDepsIntoIdealTree
39 silly resolveWithNewModule sha3@1.2.0 checking installable status
40 silly cache add args [ 'sha3', null ]
41 verbose cache add spec sha3
42 silly cache add parsed spec Result {
42 silly cache add   raw: 'sha3',
42 silly cache add   scope: null,
42 silly cache add   escapedName: 'sha3',
42 silly cache add   name: 'sha3',
42 silly cache add   rawSpec: '',
42 silly cache add   spec: 'latest',
42 silly cache add   type: 'tag' }
43 silly addNamed sha3@latest
44 verbose addNamed "latest" is being treated as a dist-tag for sha3
45 info addNameTag [ 'sha3', 'latest' ]
46 silly mapToRegistry name sha3
47 silly mapToRegistry using default registry
48 silly mapToRegistry registry https://registry.npmjs.org/
49 silly mapToRegistry data Result {
49 silly mapToRegistry   raw: 'sha3',
49 silly mapToRegistry   scope: null,
49 silly mapToRegistry   escapedName: 'sha3',
49 silly mapToRegistry   name: 'sha3',
49 silly mapToRegistry   rawSpec: '',
49 silly mapToRegistry   spec: 'latest',
49 silly mapToRegistry   type: 'tag' }
50 silly mapToRegistry uri https://registry.npmjs.org/sha3
51 verbose addNameTag registry:https://registry.npmjs.org/sha3 not in flight; fetching
52 verbose get https://registry.npmjs.org/sha3 not expired, no request
53 silly addNameTag next cb for sha3 with tag latest
54 silly addNamed sha3@1.2.0
55 verbose addNamed "1.2.0" is a plain semver version for sha3
56 silly cache afterAdd sha3@1.2.0
57 verbose afterAdd /Users/belsy wt yuen/.npm/sha3/1.2.0/package/package.json not in flight; writing
58 verbose correctMkdir /Users/belsy wt yuen/.npm correctMkdir not in flight; initializing
59 verbose afterAdd /Users/belsy wt yuen/.npm/sha3/1.2.0/package/package.json written
60 silly loadAllDepsIntoIdealTree Finishing
61 silly loadIdealTree Finishing
62 silly currentTree hkdapp_tx_decode@0.1.0
62 silly currentTree ├── ansi-regex@2.1.1
62 silly currentTree ├── aproba@1.1.1
62 silly currentTree ├── are-we-there-yet@1.1.2
62 silly currentTree ├── bindings@1.2.1
62 silly currentTree ├── bip66@1.1.4
62 silly currentTree ├── bl@1.2.0
62 silly currentTree ├── bn.js@4.11.6
62 silly currentTree ├── brorand@1.1.0
62 silly currentTree ├── browserify-aes@1.0.6
62 silly currentTree ├── browserify-sha3@0.0.1
62 silly currentTree ├── buffer-shims@1.0.0
62 silly currentTree ├── buffer-xor@1.0.3
62 silly currentTree ├── chownr@1.0.1
62 silly currentTree ├── cipher-base@1.0.3
62 silly currentTree ├── code-point-at@1.1.0
62 silly currentTree ├── console-control-strings@1.1.0
62 silly currentTree ├── core-util-is@1.0.2
62 silly currentTree ├── create-hash@1.1.2
62 silly currentTree ├── create-hmac@1.1.4
62 silly currentTree ├── deep-extend@0.4.1
62 silly currentTree ├── delegates@1.0.0
62 silly currentTree ├── drbg.js@1.0.1
62 silly currentTree ├── elliptic@6.4.0
62 silly currentTree ├── end-of-stream@1.4.0
62 silly currentTree ├── evp_bytestokey@1.0.0
62 silly currentTree ├── expand-template@1.0.3
62 silly currentTree ├── gauge@2.7.3
62 silly currentTree ├── github-from-package@0.0.0
62 silly currentTree ├── has-unicode@2.0.1
62 silly currentTree ├── hash.js@1.0.3
62 silly currentTree ├── hmac-drbg@1.0.0
62 silly currentTree ├── inherits@2.0.3
62 silly currentTree ├── ini@1.3.4
62 silly currentTree ├── is-fullwidth-code-point@1.0.0
62 silly currentTree ├── isarray@1.0.0
62 silly currentTree ├── js-sha3@0.3.1
62 silly currentTree ├── minimalistic-assert@1.0.0
62 silly currentTree ├── minimalistic-crypto-utils@1.0.1
62 silly currentTree ├── minimist@1.2.0
62 silly currentTree ├─┬ mkdirp@0.5.1
62 silly currentTree │ └── minimist@0.0.8
62 silly currentTree ├── n@2.1.5
62 silly currentTree ├── nan@2.5.1
62 silly currentTree ├── node-abi@2.0.0
62 silly currentTree ├── noop-logger@0.1.1
62 silly currentTree ├── npmlog@4.0.2
62 silly currentTree ├── number-is-nan@1.0.1
62 silly currentTree ├── object-assign@4.1.1
62 silly currentTree ├── once@1.4.0
62 silly currentTree ├── os-homedir@1.0.2
62 silly currentTree ├── prebuild-install@2.1.1
62 silly currentTree ├── process-nextick-args@1.0.7
62 silly currentTree ├── pump@1.0.2
62 silly currentTree ├── rc@1.1.7
62 silly currentTree ├── readable-stream@2.2.6
62 silly currentTree ├── ripemd160@1.0.1
62 silly currentTree ├── rlp@2.0.0
62 silly currentTree ├── secp256k1@3.2.5
62 silly currentTree ├── set-blocking@2.0.0
62 silly currentTree ├── sha.js@2.4.8
62 silly currentTree ├── signal-exit@3.0.2
62 silly currentTree ├── simple-get@1.4.3
62 silly currentTree ├── string_decoder@0.10.31
62 silly currentTree ├── string-width@1.0.2
62 silly currentTree ├── strip-ansi@3.0.1
62 silly currentTree ├── strip-json-comments@2.0.1
62 silly currentTree ├── tar-fs@1.15.1
62 silly currentTree ├── tar-stream@1.5.2
62 silly currentTree ├── tunnel-agent@0.4.3
62 silly currentTree ├── unzip-response@1.0.2
62 silly currentTree ├── util-deprecate@1.0.2
62 silly currentTree ├── wide-align@1.1.0
62 silly currentTree ├── wrappy@1.0.2
62 silly currentTree └── xtend@4.0.1
63 silly idealTree hkdapp_tx_decode@0.1.0
63 silly idealTree ├── ansi-regex@2.1.1
63 silly idealTree ├── aproba@1.1.1
63 silly idealTree ├── are-we-there-yet@1.1.2
63 silly idealTree ├── bindings@1.2.1
63 silly idealTree ├── bip66@1.1.4
63 silly idealTree ├── bl@1.2.0
63 silly idealTree ├── bn.js@4.11.6
63 silly idealTree ├── brorand@1.1.0
63 silly idealTree ├── browserify-aes@1.0.6
63 silly idealTree ├── browserify-sha3@0.0.1
63 silly idealTree ├── buffer-shims@1.0.0
63 silly idealTree ├── buffer-xor@1.0.3
63 silly idealTree ├── chownr@1.0.1
63 silly idealTree ├── cipher-base@1.0.3
63 silly idealTree ├── code-point-at@1.1.0
63 silly idealTree ├── console-control-strings@1.1.0
63 silly idealTree ├── core-util-is@1.0.2
63 silly idealTree ├── create-hash@1.1.2
63 silly idealTree ├── create-hmac@1.1.4
63 silly idealTree ├── deep-extend@0.4.1
63 silly idealTree ├── delegates@1.0.0
63 silly idealTree ├── drbg.js@1.0.1
63 silly idealTree ├── elliptic@6.4.0
63 silly idealTree ├── end-of-stream@1.4.0
63 silly idealTree ├── evp_bytestokey@1.0.0
63 silly idealTree ├── expand-template@1.0.3
63 silly idealTree ├── gauge@2.7.3
63 silly idealTree ├── github-from-package@0.0.0
63 silly idealTree ├── has-unicode@2.0.1
63 silly idealTree ├── hash.js@1.0.3
63 silly idealTree ├── hmac-drbg@1.0.0
63 silly idealTree ├── inherits@2.0.3
63 silly idealTree ├── ini@1.3.4
63 silly idealTree ├── is-fullwidth-code-point@1.0.0
63 silly idealTree ├── isarray@1.0.0
63 silly idealTree ├── js-sha3@0.3.1
63 silly idealTree ├── minimalistic-assert@1.0.0
63 silly idealTree ├── minimalistic-crypto-utils@1.0.1
63 silly idealTree ├── minimist@1.2.0
63 silly idealTree ├─┬ mkdirp@0.5.1
63 silly idealTree │ └── minimist@0.0.8
63 silly idealTree ├── n@2.1.5
63 silly idealTree ├── nan@2.5.1
63 silly idealTree ├── node-abi@2.0.0
63 silly idealTree ├── noop-logger@0.1.1
63 silly idealTree ├── npmlog@4.0.2
63 silly idealTree ├── number-is-nan@1.0.1
63 silly idealTree ├── object-assign@4.1.1
63 silly idealTree ├── once@1.4.0
63 silly idealTree ├── os-homedir@1.0.2
63 silly idealTree ├── prebuild-install@2.1.1
63 silly idealTree ├── process-nextick-args@1.0.7
63 silly idealTree ├── pump@1.0.2
63 silly idealTree ├── rc@1.1.7
63 silly idealTree ├── readable-stream@2.2.6
63 silly idealTree ├── ripemd160@1.0.1
63 silly idealTree ├── rlp@2.0.0
63 silly idealTree ├── secp256k1@3.2.5
63 silly idealTree ├── set-blocking@2.0.0
63 silly idealTree ├── sha.js@2.4.8
63 silly idealTree ├── sha3@1.2.0
63 silly idealTree ├── signal-exit@3.0.2
63 silly idealTree ├── simple-get@1.4.3
63 silly idealTree ├── string_decoder@0.10.31
63 silly idealTree ├── string-width@1.0.2
63 silly idealTree ├── strip-ansi@3.0.1
63 silly idealTree ├── strip-json-comments@2.0.1
63 silly idealTree ├── tar-fs@1.15.1
63 silly idealTree ├── tar-stream@1.5.2
63 silly idealTree ├── tunnel-agent@0.4.3
63 silly idealTree ├── unzip-response@1.0.2
63 silly idealTree ├── util-deprecate@1.0.2
63 silly idealTree ├── wide-align@1.1.0
63 silly idealTree ├── wrappy@1.0.2
63 silly idealTree └── xtend@4.0.1
64 silly generateActionsToTake Starting
65 silly install generateActionsToTake
66 silly generateActionsToTake Finishing
67 silly diffTrees action count 1
68 silly diffTrees add sha3@1.2.0
69 silly decomposeActions action count 8
70 silly decomposeActions fetch sha3@1.2.0
71 silly decomposeActions extract sha3@1.2.0
72 silly decomposeActions test sha3@1.2.0
73 silly decomposeActions preinstall sha3@1.2.0
74 silly decomposeActions build sha3@1.2.0
75 silly decomposeActions install sha3@1.2.0
76 silly decomposeActions postinstall sha3@1.2.0
77 silly decomposeActions finalize sha3@1.2.0
78 silly runTopLevelLifecycles Starting
79 silly executeActions Starting
80 silly install executeActions
81 silly doSerial global-install 0
82 silly doParallel fetch 1
83 verbose correctMkdir /Users/belsy wt yuen/.npm/_locks correctMkdir not in flight; initializing
84 verbose lock using /Users/belsy wt yuen/.npm/_locks/staging-e409691c4c211c38.lock for /Users/belsy wt yuen/decoding_exercise/js_ethereumabi/node_modules/.staging
85 silly doParallel extract 1
86 silly extract sha3@1.2.0
87 verbose unbuild node_modules/.staging/sha3-35eedc4c
88 silly gentlyRm /Users/belsy wt yuen/decoding_exercise/js_ethereumabi/node_modules/.staging/sha3-35eedc4c is being purged from base /Users/belsy wt yuen/decoding_exercise/js_ethereumabi
89 verbose gentlyRm don't care about contents; nuking /Users/belsy wt yuen/decoding_exercise/js_ethereumabi/node_modules/.staging/sha3-35eedc4c
90 verbose tar unpack /Users/belsy wt yuen/.npm/sha3/1.2.0/package.tgz
91 verbose tar unpacking to /Users/belsy wt yuen/decoding_exercise/js_ethereumabi/node_modules/.staging/sha3-35eedc4c
92 silly gentlyRm /Users/belsy wt yuen/decoding_exercise/js_ethereumabi/node_modules/.staging/sha3-35eedc4c is being purged
93 verbose gentlyRm don't care about contents; nuking /Users/belsy wt yuen/decoding_exercise/js_ethereumabi/node_modules/.staging/sha3-35eedc4c
94 silly gunzTarPerm modes [ '755', '644' ]
95 silly gunzTarPerm extractEntry package.json
96 silly gunzTarPerm extractEntry .npmignore
97 silly gunzTarPerm extractEntry README.md
98 silly gunzTarPerm extractEntry LICENSE
99 silly gunzTarPerm extractEntry binding.gyp
100 silly gunzTarPerm extractEntry src/KeccakSponge.cpp
101 silly gunzTarPerm extractEntry src/KeccakF-1600-int-set.h
102 silly gunzTarPerm extractEntry src/KeccakF-1600-reference.cpp
103 silly gunzTarPerm extractEntry src/KeccakNISTInterface.cpp
104 silly gunzTarPerm extractEntry src/KeccakNISTInterface.h
105 silly gunzTarPerm extractEntry src/KeccakF-1600-interface.h
106 silly gunzTarPerm extractEntry src/KeccakSponge.h
107 silly gunzTarPerm extractEntry src/addon.cpp
108 silly gunzTarPerm extractEntry src/brg_endian.h
109 silly gunzTarPerm extractEntry src/displayIntermediateValues.cpp
110 silly gunzTarPerm extractEntry src/displayIntermediateValues.h
111 silly gunzTarPerm extractEntry .travis.yml
112 silly gunzTarPerm extractEntry test/unit_tests.js
113 silly gunzTarPerm extractEntry test/data/README
114 silly gunzTarPerm extractEntry test/data/LongMsgKAT_224.txt
115 silly gunzTarPerm extractEntry test/data/ShortMsgKAT_224.txt
116 silly gunzTarPerm extractEntry test/data/ShortMsgKAT_256.txt
117 silly gunzTarPerm extractEntry test/data/ShortMsgKAT_384.txt
118 silly gunzTarPerm extractEntry test/data/ShortMsgKAT_512.txt
119 silly gunzTarPerm extractEntry test/generate_tests.py
120 silly gentlyRm /Users/belsy wt yuen/decoding_exercise/js_ethereumabi/node_modules/.staging/sha3-35eedc4c/node_modules is being purged
121 verbose gentlyRm don't care about contents; nuking /Users/belsy wt yuen/decoding_exercise/js_ethereumabi/node_modules/.staging/sha3-35eedc4c/node_modules
122 silly doParallel preinstall 1
123 silly preinstall sha3@1.2.0
124 info lifecycle sha3@1.2.0~preinstall: sha3@1.2.0
125 silly lifecycle sha3@1.2.0~preinstall: no script for preinstall, continuing
126 silly doReverseSerial remove 0
127 silly doSerial move 0
128 silly doSerial finalize 1
129 silly finalize /Users/belsy wt yuen/decoding_exercise/js_ethereumabi/node_modules/sha3
130 silly doSerial build 1
131 silly build sha3@1.2.0
132 info linkStuff sha3@1.2.0
133 silly linkStuff sha3@1.2.0 has /Users/belsy wt yuen/decoding_exercise/js_ethereumabi/node_modules as its parent node_modules
134 verbose linkBins sha3@1.2.0
135 verbose linkMans sha3@1.2.0
136 silly doSerial global-link 0
137 silly doParallel update-linked 0
138 silly doSerial install 1
139 silly install sha3@1.2.0
140 info lifecycle sha3@1.2.0~install: sha3@1.2.0
141 verbose lifecycle sha3@1.2.0~install: unsafe-perm in lifecycle true
142 verbose lifecycle sha3@1.2.0~install: PATH: /usr/local/lib/node_modules/npm/bin/node-gyp-bin:/Users/belsy wt yuen/decoding_exercise/js_ethereumabi/node_modules/sha3/node_modules/.bin:/Users/belsy wt yuen/decoding_exercise/js_ethereumabi/node_modules/.bin:/Users/belsy wt yuen/.cargo/bin:/usr/local/bin:/usr/bin:/bin:/usr/sbin:/sbin:/Library/TeX/texbin:/usr/local/texlive/2016/bin/x86_64-darwin
143 verbose lifecycle sha3@1.2.0~install: CWD: /Users/belsy wt yuen/decoding_exercise/js_ethereumabi/node_modules/sha3
144 silly lifecycle sha3@1.2.0~install: Args: [ '-c', 'node-gyp rebuild' ]
145 silly lifecycle sha3@1.2.0~install: Returned: code: 1  signal: null
146 info lifecycle sha3@1.2.0~install: Failed to exec install script
147 verbose unlock done using /Users/belsy wt yuen/.npm/_locks/staging-e409691c4c211c38.lock for /Users/belsy wt yuen/decoding_exercise/js_ethereumabi/node_modules/.staging
148 silly rollbackFailedOptional Starting
149 silly gentlyRm /Users/belsy wt yuen/decoding_exercise/js_ethereumabi/node_modules/sha3 is being purged from base /Users/belsy wt yuen/decoding_exercise/js_ethereumabi
150 verbose gentlyRm don't care about contents; nuking /Users/belsy wt yuen/decoding_exercise/js_ethereumabi/node_modules/sha3
151 silly gentlyRm /Users/belsy wt yuen/decoding_exercise/js_ethereumabi/node_modules/sha3 is being purged from base /Users/belsy wt yuen/decoding_exercise/js_ethereumabi
152 verbose gentlyRm don't care about contents; nuking /Users/belsy wt yuen/decoding_exercise/js_ethereumabi/node_modules/sha3
153 silly gentlyRm /Users/belsy wt yuen/decoding_exercise/js_ethereumabi/node_modules/sha3 is being purged from base /Users/belsy wt yuen/decoding_exercise/js_ethereumabi
154 verbose gentlyRm don't care about contents; nuking /Users/belsy wt yuen/decoding_exercise/js_ethereumabi/node_modules/sha3
155 silly gentlyRm /Users/belsy wt yuen/decoding_exercise/js_ethereumabi/node_modules/sha3 is being purged from base /Users/belsy wt yuen/decoding_exercise/js_ethereumabi
156 verbose gentlyRm don't care about contents; nuking /Users/belsy wt yuen/decoding_exercise/js_ethereumabi/node_modules/sha3
157 silly gentlyRm /Users/belsy wt yuen/decoding_exercise/js_ethereumabi/node_modules/sha3 is being purged from base /Users/belsy wt yuen/decoding_exercise/js_ethereumabi
158 verbose gentlyRm don't care about contents; nuking /Users/belsy wt yuen/decoding_exercise/js_ethereumabi/node_modules/sha3
159 silly gentlyRm /Users/belsy wt yuen/decoding_exercise/js_ethereumabi/node_modules/sha3 is being purged from base /Users/belsy wt yuen/decoding_exercise/js_ethereumabi
160 verbose gentlyRm don't care about contents; nuking /Users/belsy wt yuen/decoding_exercise/js_ethereumabi/node_modules/sha3
161 silly gentlyRm /Users/belsy wt yuen/decoding_exercise/js_ethereumabi/node_modules/sha3 is being purged from base /Users/belsy wt yuen/decoding_exercise/js_ethereumabi
162 verbose gentlyRm don't care about contents; nuking /Users/belsy wt yuen/decoding_exercise/js_ethereumabi/node_modules/sha3
163 silly gentlyRm /Users/belsy wt yuen/decoding_exercise/js_ethereumabi/node_modules/sha3 is being purged from base /Users/belsy wt yuen/decoding_exercise/js_ethereumabi
164 verbose gentlyRm don't care about contents; nuking /Users/belsy wt yuen/decoding_exercise/js_ethereumabi/node_modules/sha3
165 silly vacuum-fs purging /Users/belsy wt yuen/decoding_exercise/js_ethereumabi/node_modules/sha3
166 silly vacuum-fs purging /Users/belsy wt yuen/decoding_exercise/js_ethereumabi/node_modules/sha3
167 silly vacuum-fs purging /Users/belsy wt yuen/decoding_exercise/js_ethereumabi/node_modules/sha3
168 silly vacuum-fs purging /Users/belsy wt yuen/decoding_exercise/js_ethereumabi/node_modules/sha3
169 silly vacuum-fs purging /Users/belsy wt yuen/decoding_exercise/js_ethereumabi/node_modules/sha3
170 silly vacuum-fs purging /Users/belsy wt yuen/decoding_exercise/js_ethereumabi/node_modules/sha3
171 silly vacuum-fs purging /Users/belsy wt yuen/decoding_exercise/js_ethereumabi/node_modules/sha3
172 silly vacuum-fs purging /Users/belsy wt yuen/decoding_exercise/js_ethereumabi/node_modules/sha3
173 silly vacuum-fs quitting because other entries in /Users/belsy wt yuen/decoding_exercise/js_ethereumabi/node_modules
174 silly vacuum-fs quitting because other entries in /Users/belsy wt yuen/decoding_exercise/js_ethereumabi/node_modules
175 silly vacuum-fs quitting because other entries in /Users/belsy wt yuen/decoding_exercise/js_ethereumabi/node_modules
176 silly vacuum-fs quitting because other entries in /Users/belsy wt yuen/decoding_exercise/js_ethereumabi/node_modules
177 silly vacuum-fs quitting because other entries in /Users/belsy wt yuen/decoding_exercise/js_ethereumabi/node_modules
178 silly vacuum-fs quitting because other entries in /Users/belsy wt yuen/decoding_exercise/js_ethereumabi/node_modules
179 silly vacuum-fs quitting because other entries in /Users/belsy wt yuen/decoding_exercise/js_ethereumabi/node_modules
180 silly vacuum-fs quitting because other entries in /Users/belsy wt yuen/decoding_exercise/js_ethereumabi/node_modules
181 silly rollbackFailedOptional Finishing
182 silly runTopLevelLifecycles Finishing
183 silly install printInstalled
184 verbose stack Error: sha3@1.2.0 install: `node-gyp rebuild`
184 verbose stack Exit status 1
184 verbose stack     at EventEmitter.<anonymous> (/usr/local/lib/node_modules/npm/lib/utils/lifecycle.js:279:16)
184 verbose stack     at emitTwo (events.js:106:13)
184 verbose stack     at EventEmitter.emit (events.js:194:7)
184 verbose stack     at ChildProcess.<anonymous> (/usr/local/lib/node_modules/npm/lib/utils/spawn.js:40:14)
184 verbose stack     at emitTwo (events.js:106:13)
184 verbose stack     at ChildProcess.emit (events.js:194:7)
184 verbose stack     at maybeClose (internal/child_process.js:899:16)
184 verbose stack     at Process.ChildProcess._handle.onexit (internal/child_process.js:226:5)
185 verbose pkgid sha3@1.2.0
186 verbose cwd /Users/belsy wt yuen/decoding_exercise/js_ethereumabi
187 error Darwin 16.4.0
188 error argv "/usr/local/bin/node" "/usr/local/bin/npm" "install" "sha3"
189 error node v7.7.3
190 error npm  v4.1.2
191 error code ELIFECYCLE
192 error sha3@1.2.0 install: `node-gyp rebuild`
192 error Exit status 1
193 error Failed at the sha3@1.2.0 install script 'node-gyp rebuild'.
193 error Make sure you have the latest version of node.js and npm installed.
193 error If you do, this is most likely a problem with the sha3 package,
193 error not with npm itself.
193 error Tell the author that this fails on your system:
193 error     node-gyp rebuild
193 error You can get information on how to open an issue for this project with:
193 error     npm bugs sha3
193 error Or if that isn't available, you can get their info via:
193 error     npm owner ls sha3
193 error There is likely additional logging output above.
194 verbose exit [ 1, true ]
